<?xml version="1.0" encoding="UTF-8"?>
<robot generator="Robot 5.0 (Python 3.10.4 on win32)" generated="20231202 16:39:01.070" rpa="false" schemaversion="3">
<suite id="s1" name="Testdemo" source="C:\Users\rohibhar\PycharmProjects\RobotFramework\Test\testdemo.robot">
<test id="s1-t1" name="Validate the Login Form" line="8">
<kw name="Open the Browser with URL">
<kw name="Create Webdriver" library="SeleniumLibrary">
<arg>Firefox</arg>
<doc>Creates an instance of Selenium WebDriver.</doc>
<msg timestamp="20231202 16:39:01.368" level="INFO">Creating an instance of the Firefox WebDriver.</msg>
<status status="PASS" starttime="20231202 16:39:01.368" endtime="20231202 16:39:08.593"/>
</kw>
<kw name="Go To" library="SeleniumLibrary">
<arg>https://10.150.151.125/CommonAuth/web/admin/user/login</arg>
<doc>Navigates the current browser window to the provided ``url``.</doc>
<msg timestamp="20231202 16:39:08.595" level="INFO">Opening url 'https://10.150.151.125/CommonAuth/web/admin/user/login'</msg>
<status status="PASS" starttime="20231202 16:39:08.594" endtime="20231202 16:39:18.342"/>
</kw>
<kw name="Maximize Browser Window" library="SeleniumLibrary">
<doc>Maximizes current browser window.</doc>
<status status="PASS" starttime="20231202 16:39:18.342" endtime="20231202 16:39:18.645"/>
</kw>
<status status="PASS" starttime="20231202 16:39:01.368" endtime="20231202 16:39:18.645"/>
</kw>
<kw name="Fill up the Login form">
<kw name="Input Text" library="SeleniumLibrary">
<arg>xpath://input[@id='loginform-username']</arg>
<arg>rohibhar</arg>
<doc>Types the given ``text`` into the text field identified by ``locator``.</doc>
<msg timestamp="20231202 16:39:18.654" level="INFO">Typing text 'rohibhar' into text field 'xpath://input[@id='loginform-username']'.</msg>
<status status="PASS" starttime="20231202 16:39:18.646" endtime="20231202 16:39:18.825"/>
</kw>
<kw name="Input Password" library="SeleniumLibrary">
<arg>xpath://input[@id='loginform-password']</arg>
<arg>Ridit@123456</arg>
<doc>Types the given password into the text field identified by ``locator``.</doc>
<msg timestamp="20231202 16:39:18.826" level="INFO">Typing password into text field 'xpath://input[@id='loginform-password']'.</msg>
<msg timestamp="20231202 16:39:18.865" level="INFO">Temporally setting log level to: NONE</msg>
<msg timestamp="20231202 16:39:18.897" level="INFO">Log level changed from NONE to INFO.</msg>
<status status="PASS" starttime="20231202 16:39:18.825" endtime="20231202 16:39:18.897"/>
</kw>
<kw name="Click Button" library="SeleniumLibrary">
<arg>xpath://button[@id='login-button']</arg>
<doc>Clicks the button identified by ``locator``.</doc>
<msg timestamp="20231202 16:39:18.897" level="INFO">Clicking button 'xpath://button[@id='login-button']'.</msg>
<status status="PASS" starttime="20231202 16:39:18.897" endtime="20231202 16:39:19.141"/>
</kw>
<kw name="Sleep" library="BuiltIn">
<arg>10</arg>
<doc>Pauses the test executed for the given time.</doc>
<msg timestamp="20231202 16:39:29.152" level="INFO">Slept 10 seconds</msg>
<status status="PASS" starttime="20231202 16:39:19.141" endtime="20231202 16:39:29.152"/>
</kw>
<kw name="Click Link" library="SeleniumLibrary">
<arg>Link:Automation Modules</arg>
<doc>Clicks a link identified by ``locator``.</doc>
<msg timestamp="20231202 16:39:29.152" level="INFO">Clicking link 'Link:Automation Modules'.</msg>
<status status="PASS" starttime="20231202 16:39:29.152" endtime="20231202 16:39:29.456"/>
</kw>
<kw name="Sleep" library="BuiltIn">
<arg>2</arg>
<doc>Pauses the test executed for the given time.</doc>
<msg timestamp="20231202 16:39:31.469" level="INFO">Slept 2 seconds</msg>
<status status="PASS" starttime="20231202 16:39:29.457" endtime="20231202 16:39:31.469"/>
</kw>
<kw name="Click Link" library="SeleniumLibrary">
<arg>Link:ABFC</arg>
<doc>Clicks a link identified by ``locator``.</doc>
<msg timestamp="20231202 16:39:31.470" level="INFO">Clicking link 'Link:ABFC'.</msg>
<status status="PASS" starttime="20231202 16:39:31.470" endtime="20231202 16:39:31.904"/>
</kw>
<kw name="Sleep" library="BuiltIn">
<arg>5</arg>
<doc>Pauses the test executed for the given time.</doc>
<msg timestamp="20231202 16:39:36.913" level="INFO">Slept 5 seconds</msg>
<status status="PASS" starttime="20231202 16:39:31.904" endtime="20231202 16:39:36.914"/>
</kw>
<kw name="Switch Window" library="SeleniumLibrary">
<arg>NEW</arg>
<doc>Switches to browser window matching ``locator``.</doc>
<status status="PASS" starttime="20231202 16:39:36.914" endtime="20231202 16:39:36.941"/>
</kw>
<kw name="Select From List By Value" library="SeleniumLibrary">
<arg>css://div[@id='platform_chosen']//span[contains(text(),'-- ZX --')]</arg>
<doc>Selects options from selection list ``locator`` by ``values``.</doc>
<msg timestamp="20231202 16:39:37.086" level="INFO" html="true">&lt;/td&gt;&lt;/tr&gt;&lt;tr&gt;&lt;td colspan="3"&gt;&lt;a href="selenium-screenshot-9.png"&gt;&lt;img src="selenium-screenshot-9.png" width="800px"&gt;&lt;/a&gt;</msg>
<msg timestamp="20231202 16:39:37.088" level="FAIL">ValueError: No values given.</msg>
<status status="FAIL" starttime="20231202 16:39:36.941" endtime="20231202 16:39:37.091"/>
</kw>
<kw name="Sleep" library="BuiltIn">
<arg>5</arg>
<doc>Pauses the test executed for the given time.</doc>
<status status="NOT RUN" starttime="20231202 16:39:37.092" endtime="20231202 16:39:37.092"/>
</kw>
<kw name="Close Browser" library="SeleniumLibrary">
<doc>Closes the current browser.</doc>
<status status="NOT RUN" starttime="20231202 16:39:37.092" endtime="20231202 16:39:37.092"/>
</kw>
<status status="FAIL" starttime="20231202 16:39:18.646" endtime="20231202 16:39:37.093"/>
</kw>
<status status="FAIL" starttime="20231202 16:39:01.367" endtime="20231202 16:39:37.097">ValueError: No values given.</status>
</test>
<doc>To Validate the Login Form</doc>
<status status="FAIL" starttime="20231202 16:39:01.073" endtime="20231202 16:39:37.101"/>
</suite>
<statistics>
<total>
<stat pass="0" fail="1" skip="0">All Tests</stat>
</total>
<tag>
</tag>
<suite>
<stat pass="0" fail="1" skip="0" id="s1" name="Testdemo">Testdemo</stat>
</suite>
</statistics>
<errors>
</errors>
</robot>
