<?xml version="1.0" encoding="UTF-8"?>
<robot generator="Robot 5.0 (Python 3.10.4 on win32)" generated="20231202 18:53:34.127" rpa="false" schemaversion="3">
<suite id="s1" name="RobotFramework" source="C:\Users\rohibhar\PycharmProjects\RobotFramework">
<suite id="s1-s1" name="Test" source="C:\Users\rohibhar\PycharmProjects\RobotFramework\Test">
<suite id="s1-s1-s1" name="Qedge" source="C:\Users\rohibhar\PycharmProjects\RobotFramework\Test\qedge.robot">
<test id="s1-s1-s1-t1" name="Validate the Login Form" line="8">
<kw name="Open the Browser with URL">
<kw name="Create Webdriver" library="SeleniumLibrary">
<arg>Firefox</arg>
<doc>Creates an instance of Selenium WebDriver.</doc>
<msg timestamp="20231202 18:53:34.389" level="INFO">Creating an instance of the Firefox WebDriver.</msg>
<status status="PASS" starttime="20231202 18:53:34.389" endtime="20231202 18:53:41.141"/>
</kw>
<kw name="Go To" library="SeleniumLibrary">
<arg>https://www.amazon.in/</arg>
<doc>Navigates the current browser window to the provided ``url``.</doc>
<msg timestamp="20231202 18:53:41.141" level="INFO">Opening url 'https://www.amazon.in/'</msg>
<status status="PASS" starttime="20231202 18:53:41.141" endtime="20231202 18:53:42.908"/>
</kw>
<kw name="Maximize Browser Window" library="SeleniumLibrary">
<doc>Maximizes current browser window.</doc>
<status status="PASS" starttime="20231202 18:53:42.908" endtime="20231202 18:53:43.210"/>
</kw>
<status status="PASS" starttime="20231202 18:53:34.389" endtime="20231202 18:53:43.210"/>
</kw>
<kw name="Fill up the Login form">
<kw name="Input Text" library="SeleniumLibrary">
<arg>id:twotabsearchtextbox</arg>
<arg>Men Watch</arg>
<doc>Types the given ``text`` into the text field identified by ``locator``.</doc>
<msg timestamp="20231202 18:53:43.214" level="INFO">Typing text 'Men Watch' into text field 'id:twotabsearchtextbox'.</msg>
<status status="PASS" starttime="20231202 18:53:43.213" endtime="20231202 18:53:44.170"/>
</kw>
<kw name="Sleep" library="BuiltIn">
<arg>2</arg>
<doc>Pauses the test executed for the given time.</doc>
<msg timestamp="20231202 18:53:46.174" level="INFO">Slept 2 seconds</msg>
<status status="PASS" starttime="20231202 18:53:44.171" endtime="20231202 18:53:46.174"/>
</kw>
<kw name="Click Button" library="SeleniumLibrary">
<arg>xpath://input[@id='nav-search-submit-button']</arg>
<doc>Clicks the button identified by ``locator``.</doc>
<msg timestamp="20231202 18:53:46.175" level="INFO">Clicking button 'xpath://input[@id='nav-search-submit-button']'.</msg>
<status status="PASS" starttime="20231202 18:53:46.175" endtime="20231202 18:53:49.567"/>
</kw>
<kw name="Click Button" library="SeleniumLibrary">
<arg>xpath://div[@class='s-widget-container s-spacing-small s-widget-container-height-small celwidget slot=MAIN template=SEARCH_RESULTS widgetId=search-results_3']//a[@class='a-link-normal s-no-hover s-underline-text s-underline-link-text s-link-style a-text-normal']</arg>
<doc>Clicks the button identified by ``locator``.</doc>
<msg timestamp="20231202 18:53:49.568" level="INFO">Clicking button 'xpath://div[@class='s-widget-container s-spacing-small s-widget-container-height-small celwidget slot=MAIN template=SEARCH_RESULTS widgetId=search-results_3']//a[@class='a-link-normal s-no-hover s-underline-text s-underline-link-text s-link-style a-text-normal']'.</msg>
<msg timestamp="20231202 18:53:50.164" level="INFO" html="true">&lt;/td&gt;&lt;/tr&gt;&lt;tr&gt;&lt;td colspan="3"&gt;&lt;a href="selenium-screenshot-55.png"&gt;&lt;img src="selenium-screenshot-55.png" width="800px"&gt;&lt;/a&gt;</msg>
<msg timestamp="20231202 18:53:50.165" level="FAIL">Button with locator 'xpath://div[@class='s-widget-container s-spacing-small s-widget-container-height-small celwidget slot=MAIN template=SEARCH_RESULTS widgetId=search-results_3']//a[@class='a-link-normal s-no-hover s-underline-text s-underline-link-text s-link-style a-text-normal']' not found.</msg>
<status status="FAIL" starttime="20231202 18:53:49.567" endtime="20231202 18:53:50.170"/>
</kw>
<kw name="Close Browser" library="SeleniumLibrary">
<doc>Closes the current browser.</doc>
<status status="NOT RUN" starttime="20231202 18:53:50.170" endtime="20231202 18:53:50.170"/>
</kw>
<kw name="Close Browser" library="SeleniumLibrary">
<doc>Closes the current browser.</doc>
<status status="NOT RUN" starttime="20231202 18:53:50.170" endtime="20231202 18:53:50.171"/>
</kw>
<status status="FAIL" starttime="20231202 18:53:43.212" endtime="20231202 18:53:50.171"/>
</kw>
<status status="FAIL" starttime="20231202 18:53:34.388" endtime="20231202 18:53:50.173">Button with locator 'xpath://div[@class='s-widget-container s-spacing-small s-widget-container-height-small celwidget slot=MAIN template=SEARCH_RESULTS widgetId=search-results_3']//a[@class='a-link-normal s-no-hover s-underline-text s-underline-link-text s-link-style a-text-normal']' not found.</status>
</test>
<doc>To Validate the Login Form</doc>
<status status="FAIL" starttime="20231202 18:53:34.152" endtime="20231202 18:53:50.175"/>
</suite>
<status status="FAIL" starttime="20231202 18:53:34.149" endtime="20231202 18:53:50.179"/>
</suite>
<status status="FAIL" starttime="20231202 18:53:34.129" endtime="20231202 18:53:50.182"/>
</suite>
<statistics>
<total>
<stat pass="0" fail="1" skip="0">All Tests</stat>
</total>
<tag>
</tag>
<suite>
<stat pass="0" fail="1" skip="0" id="s1" name="RobotFramework">RobotFramework</stat>
<stat pass="0" fail="1" skip="0" id="s1-s1" name="Test">RobotFramework.Test</stat>
<stat pass="0" fail="1" skip="0" id="s1-s1-s1" name="Qedge">RobotFramework.Test.Qedge</stat>
</suite>
</statistics>
<errors>
</errors>
</robot>
